PrimaryRouter#sh running-config 
Building configuration...

Current configuration : 792 bytes
!
version 12.4
no service timestamps log datetime msec
no service timestamps debug datetime msec
no service password-encryption
!
hostname PrimaryRouter
!
!
!
enable secret 5 $1$mERr$GbpJzpzIDj5Z9M0guq9qN1
!
!
!
!
!
!
ip cef
no ipv6 cef
!
!
!
username admin secret 5 $1$mERr$GbpJzpzIDj5Z9M0guq9qN1
!
!
!
!
!
!
!
!
ip ssh version 2
ip domain-name mengxi.server.com
!
!
spanning-tree mode pvst
!
!
!
!
!
!
interface FastEthernet0/0
 ip address 10.0.0.1 255.255.255.0
 duplex auto
 speed auto
!
interface FastEthernet0/1
 ip address 192.168.0.1 255.255.255.0
 duplex auto
 speed auto
!
interface Vlan1
 no ip address
 shutdown
!
ip classless
!
ip flow-export version 9
!
!
!
!
!
!
!
!
line con 0
 login local
!
line aux 0
 login local
!
line vty 0 4
 login local
 transport input ssh
!
!
!
end
