myoffice(config)#do sh run
Building configuration...

Current configuration : 3926 bytes
!
version 15.0
no service timestamps log datetime msec
no service timestamps debug datetime msec
no service password-encryption
!
hostname mydc
!
enable secret 5 $1$mERr$GbpJzpzIDj5Z9M0guq9qN1
!
!
!
ip ssh version 2
ip domain-name mengxi.com
!
username admin secret 5 $1$mERr$GbpJzpzIDj5Z9M0guq9qN1
!
!
!
spanning-tree mode pvst
spanning-tree extend system-id
!
interface FastEthernet0/1
 switchport access vlan 10
 switchport mode access
 switchport nonegotiate
 spanning-tree portfast
!
interface FastEthernet0/2
 switchport access vlan 10
 switchport mode access
 switchport nonegotiate
 spanning-tree portfast
!
interface FastEthernet0/3
 switchport access vlan 10
 switchport mode access
 switchport nonegotiate
 spanning-tree portfast
!
interface FastEthernet0/4
 switchport access vlan 10
 switchport mode access
 switchport nonegotiate
 spanning-tree portfast
!
interface FastEthernet0/5
 switchport access vlan 10
 switchport mode access
 switchport nonegotiate
 spanning-tree portfast
!
interface FastEthernet0/6
 switchport access vlan 10
 switchport mode access
 switchport nonegotiate
 spanning-tree portfast
!
interface FastEthernet0/7
 switchport access vlan 10
 switchport mode access
 switchport nonegotiate
 spanning-tree portfast
!
interface FastEthernet0/8
 switchport access vlan 10
 switchport mode access
 switchport nonegotiate
 spanning-tree portfast
!
interface FastEthernet0/9
 switchport access vlan 10
 switchport mode access
 switchport nonegotiate
 spanning-tree portfast
!
interface FastEthernet0/10
 switchport access vlan 10
 switchport mode access
 switchport nonegotiate
 spanning-tree portfast
!
interface FastEthernet0/11
 switchport access vlan 10
 switchport mode access
 switchport nonegotiate
 spanning-tree portfast
!
interface FastEthernet0/12
 switchport access vlan 10
 switchport mode access
 switchport nonegotiate
 spanning-tree portfast
!
interface FastEthernet0/13
 switchport access vlan 10
 switchport mode access
 switchport nonegotiate
 spanning-tree portfast
!
interface FastEthernet0/14
 switchport access vlan 10
 switchport mode access
 switchport nonegotiate
 spanning-tree portfast
!
interface FastEthernet0/15
 switchport access vlan 10
 switchport mode access
 switchport nonegotiate
 spanning-tree portfast
!
interface FastEthernet0/16
 switchport access vlan 10
 switchport mode access
 switchport nonegotiate
 spanning-tree portfast
!
interface FastEthernet0/17
 switchport access vlan 10
 switchport mode access
 switchport nonegotiate
 spanning-tree portfast
!
interface FastEthernet0/18
 switchport access vlan 10
 switchport mode access
 switchport nonegotiate
 spanning-tree portfast
!
interface FastEthernet0/19
 switchport access vlan 10
 switchport mode access
 switchport nonegotiate
 spanning-tree portfast
!
interface FastEthernet0/20
 switchport access vlan 10
 switchport mode access
 switchport nonegotiate
 spanning-tree portfast
!
interface FastEthernet0/21
 switchport access vlan 10
 switchport mode access
 switchport nonegotiate
 spanning-tree portfast
!
interface FastEthernet0/22
 switchport access vlan 10
 switchport mode access
 switchport nonegotiate
 spanning-tree portfast
!
interface FastEthernet0/23
 switchport access vlan 10
 switchport mode access
 switchport nonegotiate
 spanning-tree portfast
!
interface FastEthernet0/24
 switchport access vlan 10
 switchport mode access
 switchport nonegotiate
 spanning-tree portfast
!
interface GigabitEthernet0/1
 switchport access vlan 10
 switchport mode access
 switchport nonegotiate
 spanning-tree portfast
!
interface GigabitEthernet0/2
 switchport access vlan 10
 switchport mode access
 switchport nonegotiate
 spanning-tree portfast
!
interface Vlan1
 no ip address
 shutdown
!
interface Vlan10
 ip address 10.0.0.2 255.255.255.0
!
ip default-gateway 10.0.0.1
!
!
!
line con 0
 login local
!
line vty 0 4
 login local
 transport input ssh
line vty 5 15
 login local
 transport input ssh
!
!
!
!
end
